<?xml version="1.0" encoding="UTF-8"?>
<!-- Generated by org.testng.reporters.JUnitXMLReporter -->
<testsuite ignored="3" hostname="DESKTOP-UA1CCT0" failures="0" tests="3" name="grouptest" time="0.098" errors="0" timestamp="2022-06-15T09:57:50 IST">
  <testcase classname="testCases.GroupTestClass" name="method3" time="0.014"/>
  <testcase classname="testCases.GroupTestClass" name="method4" time="0.002"/>
  <testcase classname="testCases.GroupTestClass" name="method5" time="0.002"/>
  <testcase classname="testCases.GroupTestClass" name="method6" time="0.0">
    <ignored/>
  </testcase> <!-- method6 -->
  <testcase classname="testCases.GroupTestClass" name="method2" time="0.0">
    <ignored/>
  </testcase> <!-- method2 -->
  <testcase classname="testCases.GroupTestClass" name="method1" time="0.0">
    <ignored/>
  </testcase> <!-- method1 -->
</testsuite> <!-- grouptest -->
