<?xml version="1.0" encoding="UTF-8"?>
<!-- Generated by org.testng.reporters.JUnitXMLReporter -->
<testsuite ignored="0" hostname="DESKTOP-UA1CCT0" failures="0" tests="6" name="Default test" time="0.123" errors="0" timestamp="2022-07-22T10:18:33 IST">
  <testcase classname="testCases.GroupTestClass" name="method1" time="0.014"/>
  <testcase classname="testCases.GroupTestClass" name="method2" time="0.001"/>
  <testcase classname="testCases.GroupTestClass" name="method3" time="0.002"/>
  <testcase classname="testCases.GroupTestClass" name="method4" time="0.003"/>
  <testcase classname="testCases.GroupTestClass" name="method5" time="0.003"/>
  <testcase classname="testCases.GroupTestClass" name="method6" time="0.001"/>
</testsuite> <!-- Default test -->
