<?xml version="1.0" encoding="UTF-8"?>
<testng-results ignored="0" total="6" passed="6" failed="0" skipped="0">
  <reporter-output>
  </reporter-output>
  <suite started-at="2022-07-22T10:18:33 IST" name="Default suite" finished-at="2022-07-22T10:18:33 IST" duration-ms="123">
    <groups>
      <group name="regression">
        <method signature="GroupTestClass.method3()[pri:0, instance:testCases.GroupTestClass@47d9a273]" name="method3" class="testCases.GroupTestClass"/>
        <method signature="GroupTestClass.method4()[pri:0, instance:testCases.GroupTestClass@47d9a273]" name="method4" class="testCases.GroupTestClass"/>
        <method signature="GroupTestClass.method5()[pri:0, instance:testCases.GroupTestClass@47d9a273]" name="method5" class="testCases.GroupTestClass"/>
      </group> <!-- regression -->
      <group name="sanity">
        <method signature="GroupTestClass.method1()[pri:0, instance:testCases.GroupTestClass@47d9a273]" name="method1" class="testCases.GroupTestClass"/>
        <method signature="GroupTestClass.method2()[pri:0, instance:testCases.GroupTestClass@47d9a273]" name="method2" class="testCases.GroupTestClass"/>
        <method signature="GroupTestClass.method5()[pri:0, instance:testCases.GroupTestClass@47d9a273]" name="method5" class="testCases.GroupTestClass"/>
        <method signature="GroupTestClass.method6()[pri:0, instance:testCases.GroupTestClass@47d9a273]" name="method6" class="testCases.GroupTestClass"/>
      </group> <!-- sanity -->
    </groups>
    <test started-at="2022-07-22T10:18:33 IST" name="Default test" finished-at="2022-07-22T10:18:33 IST" duration-ms="123">
      <class name="testCases.GroupTestClass">
        <test-method signature="method1()[pri:0, instance:testCases.GroupTestClass@47d9a273]" started-at="2022-07-22T10:18:33 IST" name="method1" finished-at="2022-07-22T10:18:33 IST" duration-ms="14" status="PASS">
          <reporter-output>
          </reporter-output>
        </test-method> <!-- method1 -->
        <test-method signature="method2()[pri:0, instance:testCases.GroupTestClass@47d9a273]" started-at="2022-07-22T10:18:33 IST" name="method2" finished-at="2022-07-22T10:18:33 IST" duration-ms="1" status="PASS">
          <reporter-output>
          </reporter-output>
        </test-method> <!-- method2 -->
        <test-method signature="method3()[pri:0, instance:testCases.GroupTestClass@47d9a273]" started-at="2022-07-22T10:18:33 IST" name="method3" finished-at="2022-07-22T10:18:33 IST" duration-ms="2" status="PASS">
          <reporter-output>
          </reporter-output>
        </test-method> <!-- method3 -->
        <test-method signature="method4()[pri:0, instance:testCases.GroupTestClass@47d9a273]" started-at="2022-07-22T10:18:33 IST" name="method4" finished-at="2022-07-22T10:18:33 IST" duration-ms="3" status="PASS">
          <reporter-output>
          </reporter-output>
        </test-method> <!-- method4 -->
        <test-method signature="method5()[pri:0, instance:testCases.GroupTestClass@47d9a273]" started-at="2022-07-22T10:18:33 IST" name="method5" finished-at="2022-07-22T10:18:33 IST" duration-ms="3" status="PASS">
          <reporter-output>
          </reporter-output>
        </test-method> <!-- method5 -->
        <test-method signature="method6()[pri:0, instance:testCases.GroupTestClass@47d9a273]" started-at="2022-07-22T10:18:33 IST" name="method6" finished-at="2022-07-22T10:18:33 IST" duration-ms="1" status="PASS">
          <reporter-output>
          </reporter-output>
        </test-method> <!-- method6 -->
      </class> <!-- testCases.GroupTestClass -->
    </test> <!-- Default test -->
  </suite> <!-- Default suite -->
</testng-results>
